<?xml version="1.0" encoding="UTF-8"?>
<!-- Generated by org.testng.reporters.JUnitReportReporter -->
<testsuite hostname="PRINHYLTPDL0773" name="myGeb.SampleTest" tests="1" failures="0" timestamp="27 Jul 2015 08:46:41 GMT" time="1.776" errors="0">
  <testcase name="myFunc" time="1.776" classname="myGeb.SampleTest"/>
</testsuite> <!-- myGeb.SampleTest -->
